#
# There is insufficient memory for the Java Runtime Environment to continue.
# Native memory allocation (malloc) failed to allocate 32744 bytes for ChunkPool::allocate
# Possible reasons:
#   The system is out of physical RAM or swap space
#   The process is running with CompressedOops enabled, and the Java Heap may be blocking the growth of the native heap
# Possible solutions:
#   Reduce memory load on the system
#   Increase physical memory or swap space
#   Check if swap backing store is full
#   Decrease Java heap size (-Xmx/-Xms)
#   Decrease number of Java threads
#   Decrease Java thread stack sizes (-Xss)
#   Set larger code cache with -XX:ReservedCodeCacheSize=
#   JVM is running with Unscaled Compressed Oops mode in which the Java heap is
#     placed in the first 4GB address space. The Java Heap base address is the
#     maximum limit for the native heap growth. Please use -XX:HeapBaseMinAddress
#     to set the Java Heap base and to place the Java Heap above 4GB virtual address.
# This output file may be truncated or incomplete.
#
#  Out of Memory Error (arena.cpp:78), pid=7932, tid=11608
#
# JRE version: Java(TM) SE Runtime Environment (17.0.12+8) (build 17.0.12+8-LTS-286)
# Java VM: Java HotSpot(TM) 64-Bit Server VM (17.0.12+8-LTS-286, mixed mode, tiered, compressed oops, compressed class ptrs, g1 gc, windows-amd64)
# No core dump will be written. Minidumps are not enabled by default on client versions of Windows
#

---------------  S U M M A R Y ------------

Command Line: -Dfile.encoding=UTF-8 -agentlib:jdwp=transport=dt_shmem,address=javadebug --module-path=D:\Project_java\tugas12\build\classes tugas12.Tugas12

Host: AMD Athlon Silver 3050U with Radeon Graphics   , 2 cores, 3G,  Windows 11 , 64 bit Build 22621 (10.0.22621.3958)
Time: Fri Oct  4 17:25:52 2024 SE Asia Standard Time elapsed time: 0.804271 seconds (0d 0h 0m 0s)

---------------  T H R E A D  ---------------

Current thread (0x0000027b3f8315c0):  JavaThread "C2 CompilerThread0" daemon [_thread_in_vm, id=11608, stack(0x000000b4ab300000,0x000000b4ab400000)]

Stack: [0x000000b4ab300000,0x000000b4ab400000]
Native frames: (J=compiled Java code, j=interpreted, Vv=VM code, C=native code)
V  [jvm.dll+0x67a04a]
V  [jvm.dll+0x7da4ed]
V  [jvm.dll+0x7dbe33]
V  [jvm.dll+0x7dc4a3]
V  [jvm.dll+0x24508f]
V  [jvm.dll+0xab9a4]
V  [jvm.dll+0xabd3c]
V  [jvm.dll+0x29f5be]
V  [jvm.dll+0x799d17]
V  [jvm.dll+0x215d81]
V  [jvm.dll+0x214c57]
V  [jvm.dll+0x6d46e9]
V  [jvm.dll+0x6d42df]
V  [jvm.dll+0x1a2b6e]
V  [jvm.dll+0x224e8b]
V  [jvm.dll+0x224165]
V  [jvm.dll+0x79075c]
V  [jvm.dll+0x78abea]
V  [jvm.dll+0x678f35]
C  [ucrtbase.dll+0x29333]
C  [KERNEL32.DLL+0x1257d]
C  [ntdll.dll+0x5af28]


---------------  P R O C E S S  ---------------

Threads class SMR info:
_java_thread_list=0x0000027b3f81b5c0, length=10, elements={
0x0000027b24e474f0, 0x0000027b3f7d8310, 0x0000027b3f7d15d0, 0x0000027b3f803f50,
0x0000027b3f804b10, 0x0000027b3f8055d0, 0x0000027b3f8305b0, 0x0000027b3f8315c0,
0x0000027b3f85b380, 0x0000027b3f866040
}

Java Threads: ( => current thread )
  0x0000027b24e474f0 JavaThread "main" [_thread_in_vm, id=14892, stack(0x000000b4aa500000,0x000000b4aa600000)]
  0x0000027b3f7d8310 JavaThread "Reference Handler" daemon [_thread_blocked, id=13124, stack(0x000000b4aad00000,0x000000b4aae00000)]
  0x0000027b3f7d15d0 JavaThread "Finalizer" daemon [_thread_blocked, id=15024, stack(0x000000b4aae00000,0x000000b4aaf00000)]
  0x0000027b3f803f50 JavaThread "Signal Dispatcher" daemon [_thread_blocked, id=13900, stack(0x000000b4aaf00000,0x000000b4ab000000)]
  0x0000027b3f804b10 JavaThread "Attach Listener" daemon [_thread_blocked, id=18624, stack(0x000000b4ab000000,0x000000b4ab100000)]
  0x0000027b3f8055d0 JavaThread "Service Thread" daemon [_thread_blocked, id=20280, stack(0x000000b4ab100000,0x000000b4ab200000)]
  0x0000027b3f8305b0 JavaThread "Monitor Deflation Thread" daemon [_thread_blocked, id=13772, stack(0x000000b4ab200000,0x000000b4ab300000)]
=>0x0000027b3f8315c0 JavaThread "C2 CompilerThread0" daemon [_thread_in_vm, id=11608, stack(0x000000b4ab300000,0x000000b4ab400000)]
  0x0000027b3f85b380 JavaThread "C1 CompilerThread0" daemon [_thread_new, id=15928, stack(0x0000000000000000,0x0000000000000000)]
  0x0000027b3f866040 JavaThread "Sweeper thread" daemon [_thread_new, id=6644, stack(0x0000000000000000,0x0000000000000000)]

Other Threads:
  0x0000027b3f7784e0 VMThread "VM Thread" [stack: 0x000000b4aac00000,0x000000b4aad00000] [id=21032]
  0x0000027b24e80370 GCTaskThread "GC Thread#0" [stack: 0x000000b4aa700000,0x000000b4aa800000] [id=20344]
  0x0000027b24e88100 ConcurrentGCThread "G1 Main Marker" [stack: 0x000000b4aa800000,0x000000b4aa900000] [id=16224]
  0x0000027b24e89b20 ConcurrentGCThread "G1 Conc#0" [stack: 0x000000b4aa900000,0x000000b4aaa00000] [id=20564]
  0x0000027b24ebc600 ConcurrentGCThread "G1 Refine#0" [stack: 0x000000b4aaa00000,0x000000b4aab00000] [id=7912]
  0x0000027b24ebd030 ConcurrentGCThread "G1 Service" [stack: 0x000000b4aab00000,0x000000b4aac00000] [id=17108]

Threads with active compile tasks:

VM state: not at safepoint (normal execution)

VM Mutex/Monitor currently owned by a thread:  ([mutex/lock_event])
[0x0000027b24e423f0] Metaspace_lock - owner thread: 0x0000027b24e474f0

Heap address: 0x00000000c8e00000, size: 882 MB, Compressed Oops mode: 32-bit

CDS archive(s) not mapped
Compressed class space mapped at: 0x0000000100000000-0x0000000140000000, reserved size: 1073741824
Narrow klass base: 0x0000000000000000, Narrow klass shift: 3, Narrow klass range: 0x140000000

GC Precious Log:
 CPUs: 2 total, 2 available
 Memory: 3521M
 Large Page Support: Disabled
 NUMA Support: Disabled
 Compressed Oops: Enabled (32-bit)
 Heap Region Size: 1M
 Heap Min Capacity: 8M
 Heap Initial Capacity: 56M
 Heap Max Capacity: 882M
 Pre-touch: Disabled
 Parallel Workers: 2
 Concurrent Workers: 1
 Concurrent Refinement Workers: 2
 Periodic GC: Disabled

Heap:
 garbage-first heap   total 57344K, used 0K [0x00000000c8e00000, 0x0000000100000000)
  region size 1024K, 1 young (1024K), 0 survivors (0K)
 Metaspace       used 3534K, committed 3584K, reserved 1114112K
  class space    used 271K, committed 320K, reserved 1048576K

Heap Regions: E=young(eden), S=young(survivor), O=old, HS=humongous(starts), HC=humongous(continues), CS=collection set, F=free, OA=open archive, CA=closed archive, TAMS=top-at-mark-start (previous, next)
|   0|0x00000000c8e00000, 0x00000000c8e00000, 0x00000000c8f00000|  0%| F|  |TAMS 0x00000000c8e00000, 0x00000000c8e00000| Untracked 
|   1|0x00000000c8f00000, 0x00000000c8f00000, 0x00000000c9000000|  0%| F|  |TAMS 0x00000000c8f00000, 0x00000000c8f00000| Untracked 
|   2|0x00000000c9000000, 0x00000000c9000000, 0x00000000c9100000|  0%| F|  |TAMS 0x00000000c9000000, 0x00000000c9000000| Untracked 
|   3|0x00000000c9100000, 0x00000000c9100000, 0x00000000c9200000|  0%| F|  |TAMS 0x00000000c9100000, 0x00000000c9100000| Untracked 
|   4|0x00000000c9200000, 0x00000000c9200000, 0x00000000c9300000|  0%| F|  |TAMS 0x00000000c9200000, 0x00000000c9200000| Untracked 
|   5|0x00000000c9300000, 0x00000000c9300000, 0x00000000c9400000|  0%| F|  |TAMS 0x00000000c9300000, 0x00000000c9300000| Untracked 
|   6|0x00000000c9400000, 0x00000000c9400000, 0x00000000c9500000|  0%| F|  |TAMS 0x00000000c9400000, 0x00000000c9400000| Untracked 
|   7|0x00000000c9500000, 0x00000000c9500000, 0x00000000c9600000|  0%| F|  |TAMS 0x00000000c9500000, 0x00000000c9500000| Untracked 
|   8|0x00000000c9600000, 0x00000000c9600000, 0x00000000c9700000|  0%| F|  |TAMS 0x00000000c9600000, 0x00000000c9600000| Untracked 
|   9|0x00000000c9700000, 0x00000000c9700000, 0x00000000c9800000|  0%| F|  |TAMS 0x00000000c9700000, 0x00000000c9700000| Untracked 
|  10|0x00000000c9800000, 0x00000000c9800000, 0x00000000c9900000|  0%| F|  |TAMS 0x00000000c9800000, 0x00000000c9800000| Untracked 
|  11|0x00000000c9900000, 0x00000000c9900000, 0x00000000c9a00000|  0%| F|  |TAMS 0x00000000c9900000, 0x00000000c9900000| Untracked 
|  12|0x00000000c9a00000, 0x00000000c9a00000, 0x00000000c9b00000|  0%| F|  |TAMS 0x00000000c9a00000, 0x00000000c9a00000| Untracked 
|  13|0x00000000c9b00000, 0x00000000c9b00000, 0x00000000c9c00000|  0%| F|  |TAMS 0x00000000c9b00000, 0x00000000c9b00000| Untracked 
|  14|0x00000000c9c00000, 0x00000000c9c00000, 0x00000000c9d00000|  0%| F|  |TAMS 0x00000000c9c00000, 0x00000000c9c00000| Untracked 
|  15|0x00000000c9d00000, 0x00000000c9d00000, 0x00000000c9e00000|  0%| F|  |TAMS 0x00000000c9d00000, 0x00000000c9d00000| Untracked 
|  16|0x00000000c9e00000, 0x00000000c9e00000, 0x00000000c9f00000|  0%| F|  |TAMS 0x00000000c9e00000, 0x00000000c9e00000| Untracked 
|  17|0x00000000c9f00000, 0x00000000c9f00000, 0x00000000ca000000|  0%| F|  |TAMS 0x00000000c9f00000, 0x00000000c9f00000| Untracked 
|  18|0x00000000ca000000, 0x00000000ca000000, 0x00000000ca100000|  0%| F|  |TAMS 0x00000000ca000000, 0x00000000ca000000| Untracked 
|  19|0x00000000ca100000, 0x00000000ca100000, 0x00000000ca200000|  0%| F|  |TAMS 0x00000000ca100000, 0x00000000ca100000| Untracked 
|  20|0x00000000ca200000, 0x00000000ca200000, 0x00000000ca300000|  0%| F|  |TAMS 0x00000000ca200000, 0x00000000ca200000| Untracked 
|  21|0x00000000ca300000, 0x00000000ca300000, 0x00000000ca400000|  0%| F|  |TAMS 0x00000000ca300000, 0x00000000ca300000| Untracked 
|  22|0x00000000ca400000, 0x00000000ca400000, 0x00000000ca500000|  0%| F|  |TAMS 0x00000000ca400000, 0x00000000ca400000| Untracked 
|  23|0x00000000ca500000, 0x00000000ca500000, 0x00000000ca600000|  0%| F|  |TAMS 0x00000000ca500000, 0x00000000ca500000| Untracked 
|  24|0x00000000ca600000, 0x00000000ca600000, 0x00000000ca700000|  0%| F|  |TAMS 0x00000000ca600000, 0x00000000ca600000| Untracked 
|  25|0x00000000ca700000, 0x00000000ca700000, 0x00000000ca800000|  0%| F|  |TAMS 0x00000000ca700000, 0x00000000ca700000| Untracked 
|  26|0x00000000ca800000, 0x00000000ca800000, 0x00000000ca900000|  0%| F|  |TAMS 0x00000000ca800000, 0x00000000ca800000| Untracked 
|  27|0x00000000ca900000, 0x00000000ca900000, 0x00000000caa00000|  0%| F|  |TAMS 0x00000000ca900000, 0x00000000ca900000| Untracked 
|  28|0x00000000caa00000, 0x00000000caa00000, 0x00000000cab00000|  0%| F|  |TAMS 0x00000000caa00000, 0x00000000caa00000| Untracked 
|  29|0x00000000cab00000, 0x00000000cab00000, 0x00000000cac00000|  0%| F|  |TAMS 0x00000000cab00000, 0x00000000cab00000| Untracked 
|  30|0x00000000cac00000, 0x00000000cac00000, 0x00000000cad00000|  0%| F|  |TAMS 0x00000000cac00000, 0x00000000cac00000| Untracked 
|  31|0x00000000cad00000, 0x00000000cad00000, 0x00000000cae00000|  0%| F|  |TAMS 0x00000000cad00000, 0x00000000cad00000| Untracked 
|  32|0x00000000cae00000, 0x00000000cae00000, 0x00000000caf00000|  0%| F|  |TAMS 0x00000000cae00000, 0x00000000cae00000| Untracked 
|  33|0x00000000caf00000, 0x00000000caf00000, 0x00000000cb000000|  0%| F|  |TAMS 0x00000000caf00000, 0x00000000caf00000| Untracked 
|  34|0x00000000cb000000, 0x00000000cb000000, 0x00000000cb100000|  0%| F|  |TAMS 0x00000000cb000000, 0x00000000cb000000| Untracked 
|  35|0x00000000cb100000, 0x00000000cb100000, 0x00000000cb200000|  0%| F|  |TAMS 0x00000000cb100000, 0x00000000cb100000| Untracked 
|  36|0x00000000cb200000, 0x00000000cb200000, 0x00000000cb300000|  0%| F|  |TAMS 0x00000000cb200000, 0x00000000cb200000| Untracked 
|  37|0x00000000cb300000, 0x00000000cb300000, 0x00000000cb400000|  0%| F|  |TAMS 0x00000000cb300000, 0x00000000cb300000| Untracked 
|  38|0x00000000cb400000, 0x00000000cb400000, 0x00000000cb500000|  0%| F|  |TAMS 0x00000000cb400000, 0x00000000cb400000| Untracked 
|  39|0x00000000cb500000, 0x00000000cb500000, 0x00000000cb600000|  0%| F|  |TAMS 0x00000000cb500000, 0x00000000cb500000| Untracked 
|  40|0x00000000cb600000, 0x00000000cb600000, 0x00000000cb700000|  0%| F|  |TAMS 0x00000000cb600000, 0x00000000cb600000| Untracked 
|  41|0x00000000cb700000, 0x00000000cb700000, 0x00000000cb800000|  0%| F|  |TAMS 0x00000000cb700000, 0x00000000cb700000| Untracked 
|  42|0x00000000cb800000, 0x00000000cb800000, 0x00000000cb900000|  0%| F|  |TAMS 0x00000000cb800000, 0x00000000cb800000| Untracked 
|  43|0x00000000cb900000, 0x00000000cb900000, 0x00000000cba00000|  0%| F|  |TAMS 0x00000000cb900000, 0x00000000cb900000| Untracked 
|  44|0x00000000cba00000, 0x00000000cba00000, 0x00000000cbb00000|  0%| F|  |TAMS 0x00000000cba00000, 0x00000000cba00000| Untracked 
|  45|0x00000000cbb00000, 0x00000000cbb00000, 0x00000000cbc00000|  0%| F|  |TAMS 0x00000000cbb00000, 0x00000000cbb00000| Untracked 
|  46|0x00000000cbc00000, 0x00000000cbc00000, 0x00000000cbd00000|  0%| F|  |TAMS 0x00000000cbc00000, 0x00000000cbc00000| Untracked 
|  47|0x00000000cbd00000, 0x00000000cbd00000, 0x00000000cbe00000|  0%| F|  |TAMS 0x00000000cbd00000, 0x00000000cbd00000| Untracked 
|  48|0x00000000cbe00000, 0x00000000cbe00000, 0x00000000cbf00000|  0%| F|  |TAMS 0x00000000cbe00000, 0x00000000cbe00000| Untracked 
|  49|0x00000000cbf00000, 0x00000000cbf00000, 0x00000000cc000000|  0%| F|  |TAMS 0x00000000cbf00000, 0x00000000cbf00000| Untracked 
|  50|0x00000000cc000000, 0x00000000cc000000, 0x00000000cc100000|  0%| F|  |TAMS 0x00000000cc000000, 0x00000000cc000000| Untracked 
|  51|0x00000000cc100000, 0x00000000cc100000, 0x00000000cc200000|  0%| F|  |TAMS 0x00000000cc100000, 0x00000000cc100000| Untracked 
|  52|0x00000000cc200000, 0x00000000cc200000, 0x00000000cc300000|  0%| F|  |TAMS 0x00000000cc200000, 0x00000000cc200000| Untracked 
|  53|0x00000000cc300000, 0x00000000cc300000, 0x00000000cc400000|  0%| F|  |TAMS 0x00000000cc300000, 0x00000000cc300000| Untracked 
|  54|0x00000000cc400000, 0x00000000cc400000, 0x00000000cc500000|  0%| F|  |TAMS 0x00000000cc400000, 0x00000000cc400000| Untracked 
|  55|0x00000000cc500000, 0x00000000cc57ef60, 0x00000000cc600000| 49%| E|  |TAMS 0x00000000cc500000, 0x00000000cc500000| Complete 

Card table byte_map: [0x0000027b24bd0000,0x0000027b24d90000] _byte_map_base: 0x0000027b24589000

Marking Bits (Prev, Next): (CMBitMap*) 0x0000027b24e80990, (CMBitMap*) 0x0000027b24e809d0
 Prev Bits: [0x0000027b3b8c0000, 0x0000027b3c688000)
 Next Bits: [0x0000027b3c690000, 0x0000027b3d458000)

Polling page: 0x0000027b22d70000

Metaspace:

Usage:
  Non-class:      3.19 MB used.
      Class:    271.14 KB used.
       Both:      3.45 MB used.

Virtual space:
  Non-class space:       64.00 MB reserved,       3.19 MB (  5%) committed,  1 nodes.
      Class space:        1.00 GB reserved,     320.00 KB ( <1%) committed,  1 nodes.
             Both:        1.06 GB reserved,       3.50 MB ( <1%) committed. 

Chunk freelists:
   Non-Class:  12.00 MB
       Class:  15.62 MB
        Both:  27.62 MB

MaxMetaspaceSize: unlimited
CompressedClassSpaceSize: 1.00 GB
Initial GC threshold: 21.00 MB
Current GC threshold: 21.00 MB
CDS: off
MetaspaceReclaimPolicy: balanced
 - commit_granule_bytes: 65536.
 - commit_granule_words: 8192.
 - virtual_space_node_default_size: 8388608.
 - enlarge_chunks_in_place: 1.
 - new_chunks_are_fully_committed: 0.
 - uncommit_free_chunks: 1.
 - use_allocation_guard: 0.
 - handle_deallocations: 1.


Internal statistics:

num_allocs_failed_limit: 0.
num_arena_births: 2.
num_arena_deaths: 0.
num_vsnodes_births: 2.
num_vsnodes_deaths: 0.
num_space_committed: 56.
num_space_uncommitted: 0.
num_chunks_returned_to_freelist: 0.
num_chunks_taken_from_freelist: 4.
num_chunk_merges: 0.
num_chunk_splits: 2.
num_chunks_enlarged: 0.
num_inconsistent_stats: 0.

CodeHeap 'non-profiled nmethods': size=120064Kb used=0Kb max_used=0Kb free=120064Kb
 bounds [0x0000027b341c0000, 0x0000027b34430000, 0x0000027b3b700000]
CodeHeap 'profiled nmethods': size=120000Kb used=0Kb max_used=0Kb free=120000Kb
 bounds [0x0000027b2c700000, 0x0000027b2c970000, 0x0000027b33c30000]
CodeHeap 'non-nmethods': size=5696Kb used=487Kb max_used=487Kb free=5208Kb
 bounds [0x0000027b33c30000, 0x0000027b33ea0000, 0x0000027b341c0000]
 total_blobs=229 nmethods=0 adapters=193
 compilation: enabled
              stopped_count=0, restarted_count=0
 full_count=0

Compilation events (0 events):
No events

GC Heap History (0 events):
No events

Deoptimization events (0 events):
No events

Classes unloaded (0 events):
No events

Classes redefined (0 events):
No events

Internal exceptions (0 events):
No events

VM Operations (0 events):
No events

Events (20 events):
Event: 0.750 loading class jdk/internal/misc/Signal$NativeHandler done
Event: 0.750 loading class jdk/internal/misc/OSEnvironment
Event: 0.751 loading class jdk/internal/misc/OSEnvironment done
Event: 0.751 loading class sun/io/Win32ErrorMode
Event: 0.751 loading class sun/io/Win32ErrorMode done
Event: 0.751 loading class java/util/Collections
Event: 0.751 loading class java/util/Collections done
Event: 0.751 loading class java/util/Collections$EmptySet
Event: 0.751 loading class java/util/Collections$EmptySet done
Event: 0.751 loading class java/util/Collections$EmptyList
Event: 0.751 loading class java/util/Collections$EmptyList done
Event: 0.751 loading class java/util/Collections$EmptyMap
Event: 0.751 loading class java/util/Collections$EmptyMap done
Event: 0.752 loading class java/lang/IllegalArgumentException
Event: 0.752 loading class java/lang/IllegalArgumentException done
Event: 0.752 Thread 0x0000027b3f803f50 Thread added: 0x0000027b3f803f50
Event: 0.752 Thread 0x0000027b3f804b10 Thread added: 0x0000027b3f804b10
Event: 0.752 Thread 0x0000027b3f8055d0 Thread added: 0x0000027b3f8055d0
Event: 0.753 Thread 0x0000027b3f8305b0 Thread added: 0x0000027b3f8305b0
Event: 0.753 Thread 0x0000027b3f8315c0 Thread added: 0x0000027b3f8315c0


Dynamic libraries:
0x00007ff708560000 - 0x00007ff708570000 	C:\Program Files\Java\jdk-17\bin\java.exe
0x00007fffa62d0000 - 0x00007fffa64e7000 	C:\WINDOWS\SYSTEM32\ntdll.dll
0x00007fff79610000 - 0x00007fff7962a000 	C:\Program Files\Avast Software\Avast\aswhook.dll
0x00007fffa5ad0000 - 0x00007fffa5b94000 	C:\WINDOWS\System32\KERNEL32.DLL
0x00007fffa35f0000 - 0x00007fffa399d000 	C:\WINDOWS\System32\KERNELBASE.dll
0x00007fffa3a90000 - 0x00007fffa3ba1000 	C:\WINDOWS\System32\ucrtbase.dll
0x00007fff9d120000 - 0x00007fff9d139000 	C:\Program Files\Java\jdk-17\bin\jli.dll
0x00007fffa43a0000 - 0x00007fffa4452000 	C:\WINDOWS\System32\ADVAPI32.dll
0x00007fffa4ea0000 - 0x00007fffa4f47000 	C:\WINDOWS\System32\msvcrt.dll
0x00007fffa4df0000 - 0x00007fffa4e99000 	C:\WINDOWS\System32\sechost.dll
0x00007fffa3e60000 - 0x00007fffa3e88000 	C:\WINDOWS\System32\bcrypt.dll
0x00007fffa40e0000 - 0x00007fffa41f4000 	C:\WINDOWS\System32\RPCRT4.dll
0x00007fffa6060000 - 0x00007fffa620e000 	C:\WINDOWS\System32\USER32.dll
0x00007fffa39a0000 - 0x00007fffa39c6000 	C:\WINDOWS\System32\win32u.dll
0x00007fffa5bb0000 - 0x00007fffa5bd9000 	C:\WINDOWS\System32\GDI32.dll
0x00007fffa3cd0000 - 0x00007fffa3de9000 	C:\WINDOWS\System32\gdi32full.dll
0x00007fffa3bb0000 - 0x00007fffa3c4a000 	C:\WINDOWS\System32\msvcp_win.dll
0x00007fff9e160000 - 0x00007fff9e17b000 	C:\Program Files\Java\jdk-17\bin\VCRUNTIME140.dll
0x00007fff880d0000 - 0x00007fff88363000 	C:\WINDOWS\WinSxS\amd64_microsoft.windows.common-controls_6595b64144ccf1df_6.0.22621.3672_none_2713b9d173822955\COMCTL32.dll
0x00007fff9ad30000 - 0x00007fff9ad3a000 	C:\WINDOWS\SYSTEM32\VERSION.dll
0x00007fffa5940000 - 0x00007fffa5971000 	C:\WINDOWS\System32\IMM32.DLL
0x00007fffa0330000 - 0x00007fffa033c000 	C:\Program Files\Java\jdk-17\bin\vcruntime140_1.dll
0x00007fff85360000 - 0x00007fff853ee000 	C:\Program Files\Java\jdk-17\bin\msvcp140.dll
0x00007ffeef9c0000 - 0x00007ffef05a0000 	C:\Program Files\Java\jdk-17\bin\server\jvm.dll
0x00007fffa5ba0000 - 0x00007fffa5ba8000 	C:\WINDOWS\System32\PSAPI.DLL
0x00007fff93d10000 - 0x00007fff93d19000 	C:\WINDOWS\SYSTEM32\WSOCK32.dll
0x00007fffa4200000 - 0x00007fffa4271000 	C:\WINDOWS\System32\WS2_32.dll
0x00007fff9d1c0000 - 0x00007fff9d1f4000 	C:\WINDOWS\SYSTEM32\WINMM.dll
0x00007fffa2610000 - 0x00007fffa2628000 	C:\WINDOWS\SYSTEM32\kernel.appcore.dll
0x00007fff9db60000 - 0x00007fff9db6a000 	C:\Program Files\Java\jdk-17\bin\jimage.dll
0x00007fff97cd0000 - 0x00007fff97f02000 	C:\WINDOWS\SYSTEM32\DBGHELP.DLL
0x00007fffa4730000 - 0x00007fffa4abe000 	C:\WINDOWS\System32\combase.dll
0x00007fffa4000000 - 0x00007fffa40d7000 	C:\WINDOWS\System32\OLEAUT32.dll
0x00007fff988e0000 - 0x00007fff98912000 	C:\WINDOWS\SYSTEM32\dbgcore.DLL
0x00007fffa3c50000 - 0x00007fffa3ccb000 	C:\WINDOWS\System32\bcryptPrimitives.dll
0x00007fff9cf30000 - 0x00007fff9cf6b000 	C:\Program Files\Java\jdk-17\bin\jdwp.dll
0x00007fff9d140000 - 0x00007fff9d165000 	C:\Program Files\Java\jdk-17\bin\java.dll
0x00007fff79fc0000 - 0x00007fff7a097000 	C:\Program Files\Java\jdk-17\bin\jsvml.dll
0x00007fffa4f50000 - 0x00007fffa57b7000 	C:\WINDOWS\System32\SHELL32.dll
0x00007fffa1520000 - 0x00007fffa1e1f000 	C:\WINDOWS\SYSTEM32\windows.storage.dll
0x00007fffa13e0000 - 0x00007fffa151f000 	C:\WINDOWS\SYSTEM32\wintypes.dll
0x00007fffa4460000 - 0x00007fffa4559000 	C:\WINDOWS\System32\SHCORE.dll
0x00007fffa4be0000 - 0x00007fffa4c3e000 	C:\WINDOWS\System32\shlwapi.dll
0x00007fffa3520000 - 0x00007fffa3547000 	C:\WINDOWS\SYSTEM32\profapi.dll

dbghelp: loaded successfully - version: 4.0.5 - missing functions: none
symbol engine: initialized successfully - sym options: 0x614 - pdb path: .;C:\Program Files\Java\jdk-17\bin;C:\WINDOWS\SYSTEM32;C:\Program Files\Avast Software\Avast;C:\WINDOWS\WinSxS\amd64_microsoft.windows.common-controls_6595b64144ccf1df_6.0.22621.3672_none_2713b9d173822955;C:\Program Files\Java\jdk-17\bin\server

VM Arguments:
jvm_args: -Dfile.encoding=UTF-8 -agentlib:jdwp=transport=dt_shmem,address=javadebug --module-path=D:\Project_java\tugas12\build\classes 
java_command: tugas12.Tugas12
java_class_path (initial): D:\Project_java\tugas12\build\classes
Launcher Type: SUN_STANDARD

[Global flags]
     intx CICompilerCount                          = 2                                         {product} {ergonomic}
     uint ConcGCThreads                            = 1                                         {product} {ergonomic}
     uint G1ConcRefinementThreads                  = 2                                         {product} {ergonomic}
   size_t G1HeapRegionSize                         = 1048576                                   {product} {ergonomic}
    uintx GCDrainStackTargetSize                   = 64                                        {product} {ergonomic}
   size_t InitialHeapSize                          = 58720256                                  {product} {ergonomic}
   size_t MarkStackSize                            = 4194304                                   {product} {ergonomic}
   size_t MaxHeapSize                              = 924844032                                 {product} {ergonomic}
   size_t MaxNewSize                               = 554696704                                 {product} {ergonomic}
   size_t MinHeapDeltaBytes                        = 1048576                                   {product} {ergonomic}
   size_t MinHeapSize                              = 8388608                                   {product} {ergonomic}
    uintx NonNMethodCodeHeapSize                   = 5826188                                {pd product} {ergonomic}
    uintx NonProfiledCodeHeapSize                  = 122916026                              {pd product} {ergonomic}
    uintx ProfiledCodeHeapSize                     = 122916026                              {pd product} {ergonomic}
    uintx ReservedCodeCacheSize                    = 251658240                              {pd product} {ergonomic}
     bool SegmentedCodeCache                       = true                                      {product} {ergonomic}
   size_t SoftMaxHeapSize                          = 924844032                              {manageable} {ergonomic}
     bool UseCompressedClassPointers               = true                           {product lp64_product} {ergonomic}
     bool UseCompressedOops                        = true                           {product lp64_product} {ergonomic}
     bool UseG1GC                                  = true                                      {product} {ergonomic}
     bool UseLargePagesIndividualAllocation        = false                                  {pd product} {ergonomic}

Logging:
Log output configuration:
 #0: stdout all=warning uptime,level,tags
 #1: stderr all=off uptime,level,tags

Environment Variables:
JAVA_HOME=C:\Program Files\Java\jdk1.8.0_144
PATH=C:\Program Files\Common Files\Oracle\Java\javapath;C:\Program Files\Microsoft\jdk-21.0.0.35-hotspot\bin;C:\Program Files\Eclipse Adoptium\jdk-17.0.8.101-hotspot\bin;C:\Program Files (x86)\Common Files\Intel\Shared Files\cpp\bin\Intel64;C:\Python27\;C:\Python27\Scripts;C:\WINDOWS\system32;C:\WINDOWS;C:\WINDOWS\System32\Wbem;C:\WINDOWS\System32\WindowsPowerShell\v1.0\;C:\WINDOWS\System32\OpenSSH\;C:\Program Files\dotnet\;D:\master\cocos 2dx\cocos2d-x-3.17.1\templates;D:\master\cocos 2dx\cocos2d-x-3.17.1\tools\cocos2d-console\bin;C:\Program Files\Git\cmd;C:\Program Files\nodejs\;C:\xampp\php;C:\composer;C:\Program Files\Go\bin;D:\master\cocos 2dx\cocos2d-x-4.0\templates;D:\master\cocos 2dx\cocos2d-x-4.0\tools\cocos2d-console\bin;\cocos2d-x-3.17.1\templates;C:\Users\acer\AppData\Local\Microsoft\WindowsApps;C:\Users\acer\AppData\Local\Programs\Microsoft VS Code\bin;C:\Users\acer\AppData\Roaming\npm;C:\Users\acer\AppData\Roaming\Composer\vendor\bin;C:\Users\acer\go\bin
USERNAME=acer
OS=Windows_NT
PROCESSOR_IDENTIFIER=AMD64 Family 23 Model 24 Stepping 1, AuthenticAMD



---------------  S Y S T E M  ---------------

OS:
 Windows 11 , 64 bit Build 22621 (10.0.22621.3958)
OS uptime: 2 days 4:18 hours
Hyper-V role detected

CPU: total 2 (initial active 2) (2 cores per cpu, 1 threads per core) family 23 model 24 stepping 1 microcode 0x0, cx8, cmov, fxsr, mmx, 3dnowpref, sse, sse2, sse3, ssse3, sse4a, sse4.1, sse4.2, popcnt, lzcnt, tsc, tscinvbit, avx, avx2, aes, clmul, bmi1, bmi2, adx, sha, fma, vzeroupper, clflush, clflushopt, hv

Memory: 4k page, system-wide physical 3521M (224M free)
TotalPageFile size 12662M (AvailPageFile size 1M)
current process WorkingSet (physical memory assigned to process): 22M, peak: 22M
current process commit charge ("private bytes"): 113M, peak: 113M

vm_info: Java HotSpot(TM) 64-Bit Server VM (17.0.12+8-LTS-286) for windows-amd64 JRE (17.0.12+8-LTS-286), built on Jun  5 2024 06:46:59 by "mach5one" with MS VC++ 17.6 (VS2022)

END.
