#
# There is insufficient memory for the Java Runtime Environment to continue.
# Native memory allocation (mmap) failed to map 65536 bytes for Failed to commit metaspace.
# Possible reasons:
#   The system is out of physical RAM or swap space
#   The process is running with CompressedOops enabled, and the Java Heap may be blocking the growth of the native heap
# Possible solutions:
#   Reduce memory load on the system
#   Increase physical memory or swap space
#   Check if swap backing store is full
#   Decrease Java heap size (-Xmx/-Xms)
#   Decrease number of Java threads
#   Decrease Java thread stack sizes (-Xss)
#   Set larger code cache with -XX:ReservedCodeCacheSize=
#   JVM is running with Unscaled Compressed Oops mode in which the Java heap is
#     placed in the first 4GB address space. The Java Heap base address is the
#     maximum limit for the native heap growth. Please use -XX:HeapBaseMinAddress
#     to set the Java Heap base and to place the Java Heap above 4GB virtual address.
# This output file may be truncated or incomplete.
#
#  Out of Memory Error (virtualSpaceNode.cpp:110), pid=12316, tid=15344
#
# JRE version:  (17.0.12+8) (build )
# Java VM: Java HotSpot(TM) 64-Bit Server VM (17.0.12+8-LTS-286, mixed mode, tiered, compressed oops, compressed class ptrs, g1 gc, windows-amd64)
# No core dump will be written. Minidumps are not enabled by default on client versions of Windows
#

---------------  S U M M A R Y ------------

Command Line: -Dfile.encoding=UTF-8 --module-path=D:\Project_java\Minggu_3\baru\build\classes baru.tugasDelapan

Host: AMD Athlon Silver 3050U with Radeon Graphics   , 2 cores, 3G,  Windows 11 , 64 bit Build 22621 (10.0.22621.3958)
Time: Thu Sep 19 01:03:18 2024 SE Asia Standard Time elapsed time: 0.077098 seconds (0d 0h 0m 0s)

---------------  T H R E A D  ---------------

Current thread (0x000001d0aaa26cd0):  JavaThread "main" [_thread_in_vm, id=15344, stack(0x0000004892500000,0x0000004892600000)]

Stack: [0x0000004892500000,0x0000004892600000]
Native frames: (J=compiled Java code, j=interpreted, Vv=VM code, C=native code)
V  [jvm.dll+0x67a04a]
V  [jvm.dll+0x7da4ed]
V  [jvm.dll+0x7dbe33]
V  [jvm.dll+0x7dc4a3]
V  [jvm.dll+0x24508f]
V  [jvm.dll+0x7d60bb]
V  [jvm.dll+0x6206c6]
V  [jvm.dll+0x62072a]
V  [jvm.dll+0x622f4d]
V  [jvm.dll+0x621086]
V  [jvm.dll+0x2429bc]
V  [jvm.dll+0x6d0a9d]
V  [jvm.dll+0x6d146f]
V  [jvm.dll+0x36e355]
V  [jvm.dll+0x36d404]
V  [jvm.dll+0x36d3a8]
V  [jvm.dll+0x561be5]
V  [jvm.dll+0x560b6c]
V  [jvm.dll+0x380f73]
V  [jvm.dll+0x3805df]
C  0x000001d0b982a3e0

Java frames: (J=compiled Java code, j=interpreted, Vv=VM code)
j  java.lang.StringLatin1.newString([BII)Ljava/lang/String;+16 java.base
j  java.lang.String.substring(II)Ljava/lang/String;+41 java.base
j  jdk.internal.misc.VM.saveProperties(Ljava/util/Map;)V+134 java.base
j  java.lang.System.initPhase1()V+12 java.base
v  ~StubRoutines::call_stub

---------------  P R O C E S S  ---------------

Threads class SMR info:
_java_thread_list=0x000001d0aaaeda30, length=3, elements={
0x000001d0aaa26cd0, 0x000001d0c5403020, 0x000001d0c5403a90
}

Java Threads: ( => current thread )
=>0x000001d0aaa26cd0 JavaThread "main" [_thread_in_vm, id=15344, stack(0x0000004892500000,0x0000004892600000)]
  0x000001d0c5403020 JavaThread "Reference Handler" daemon [_thread_blocked, id=15120, stack(0x0000004892c00000,0x0000004892d00000)]
  0x000001d0c5403a90 JavaThread "Finalizer" daemon [_thread_blocked, id=8808, stack(0x0000004892d00000,0x0000004892e00000)]

Other Threads:
  0x000001d0aaaee7b0 VMThread "VM Thread" [stack: 0x0000004892b00000,0x0000004892c00000] [id=12788]
  0x000001d0aaa5fd70 GCTaskThread "GC Thread#0" [stack: 0x0000004892600000,0x0000004892700000] [id=16472]
  0x000001d0aaa67a10 ConcurrentGCThread "G1 Main Marker" [stack: 0x0000004892700000,0x0000004892800000] [id=12100]
  0x000001d0aaa68400 ConcurrentGCThread "G1 Conc#0" [stack: 0x0000004892800000,0x0000004892900000] [id=13736]
  0x000001d0aaaa75e0 ConcurrentGCThread "G1 Refine#0" [stack: 0x0000004892900000,0x0000004892a00000] [id=3736]
  0x000001d0aaaa7f20 ConcurrentGCThread "G1 Service" [stack: 0x0000004892a00000,0x0000004892b00000] [id=11664]

Threads with active compile tasks:

VM state: not at safepoint (normal execution)

VM Mutex/Monitor currently owned by a thread:  ([mutex/lock_event])
[0x000001d0aaa21c50] Metaspace_lock - owner thread: 0x000001d0aaa26cd0

Heap address: 0x00000000c8e00000, size: 882 MB, Compressed Oops mode: 32-bit

CDS archive(s) not mapped
Compressed class space mapped at: 0x0000000100000000-0x0000000140000000, reserved size: 1073741824
Narrow klass base: 0x0000000000000000, Narrow klass shift: 3, Narrow klass range: 0x140000000

GC Precious Log:
 CPUs: 2 total, 2 available
 Memory: 3521M
 Large Page Support: Disabled
 NUMA Support: Disabled
 Compressed Oops: Enabled (32-bit)
 Heap Region Size: 1M
 Heap Min Capacity: 8M
 Heap Initial Capacity: 56M
 Heap Max Capacity: 882M
 Pre-touch: Disabled
 Parallel Workers: 2
 Concurrent Workers: 1
 Concurrent Refinement Workers: 2
 Periodic GC: Disabled

Heap:
 garbage-first heap   total 57344K, used 0K [0x00000000c8e00000, 0x0000000100000000)
  region size 1024K, 1 young (1024K), 0 survivors (0K)
 Metaspace       used 2005K, committed 2048K, reserved 1114112K
  class space    used 150K, committed 192K, reserved 1048576K

Heap Regions: E=young(eden), S=young(survivor), O=old, HS=humongous(starts), HC=humongous(continues), CS=collection set, F=free, OA=open archive, CA=closed archive, TAMS=top-at-mark-start (previous, next)
|   0|0x00000000c8e00000, 0x00000000c8e00000, 0x00000000c8f00000|  0%| F|  |TAMS 0x00000000c8e00000, 0x00000000c8e00000| Untracked 
|   1|0x00000000c8f00000, 0x00000000c8f00000, 0x00000000c9000000|  0%| F|  |TAMS 0x00000000c8f00000, 0x00000000c8f00000| Untracked 
|   2|0x00000000c9000000, 0x00000000c9000000, 0x00000000c9100000|  0%| F|  |TAMS 0x00000000c9000000, 0x00000000c9000000| Untracked 
|   3|0x00000000c9100000, 0x00000000c9100000, 0x00000000c9200000|  0%| F|  |TAMS 0x00000000c9100000, 0x00000000c9100000| Untracked 
|   4|0x00000000c9200000, 0x00000000c9200000, 0x00000000c9300000|  0%| F|  |TAMS 0x00000000c9200000, 0x00000000c9200000| Untracked 
|   5|0x00000000c9300000, 0x00000000c9300000, 0x00000000c9400000|  0%| F|  |TAMS 0x00000000c9300000, 0x00000000c9300000| Untracked 
|   6|0x00000000c9400000, 0x00000000c9400000, 0x00000000c9500000|  0%| F|  |TAMS 0x00000000c9400000, 0x00000000c9400000| Untracked 
|   7|0x00000000c9500000, 0x00000000c9500000, 0x00000000c9600000|  0%| F|  |TAMS 0x00000000c9500000, 0x00000000c9500000| Untracked 
|   8|0x00000000c9600000, 0x00000000c9600000, 0x00000000c9700000|  0%| F|  |TAMS 0x00000000c9600000, 0x00000000c9600000| Untracked 
|   9|0x00000000c9700000, 0x00000000c9700000, 0x00000000c9800000|  0%| F|  |TAMS 0x00000000c9700000, 0x00000000c9700000| Untracked 
|  10|0x00000000c9800000, 0x00000000c9800000, 0x00000000c9900000|  0%| F|  |TAMS 0x00000000c9800000, 0x00000000c9800000| Untracked 
|  11|0x00000000c9900000, 0x00000000c9900000, 0x00000000c9a00000|  0%| F|  |TAMS 0x00000000c9900000, 0x00000000c9900000| Untracked 
|  12|0x00000000c9a00000, 0x00000000c9a00000, 0x00000000c9b00000|  0%| F|  |TAMS 0x00000000c9a00000, 0x00000000c9a00000| Untracked 
|  13|0x00000000c9b00000, 0x00000000c9b00000, 0x00000000c9c00000|  0%| F|  |TAMS 0x00000000c9b00000, 0x00000000c9b00000| Untracked 
|  14|0x00000000c9c00000, 0x00000000c9c00000, 0x00000000c9d00000|  0%| F|  |TAMS 0x00000000c9c00000, 0x00000000c9c00000| Untracked 
|  15|0x00000000c9d00000, 0x00000000c9d00000, 0x00000000c9e00000|  0%| F|  |TAMS 0x00000000c9d00000, 0x00000000c9d00000| Untracked 
|  16|0x00000000c9e00000, 0x00000000c9e00000, 0x00000000c9f00000|  0%| F|  |TAMS 0x00000000c9e00000, 0x00000000c9e00000| Untracked 
|  17|0x00000000c9f00000, 0x00000000c9f00000, 0x00000000ca000000|  0%| F|  |TAMS 0x00000000c9f00000, 0x00000000c9f00000| Untracked 
|  18|0x00000000ca000000, 0x00000000ca000000, 0x00000000ca100000|  0%| F|  |TAMS 0x00000000ca000000, 0x00000000ca000000| Untracked 
|  19|0x00000000ca100000, 0x00000000ca100000, 0x00000000ca200000|  0%| F|  |TAMS 0x00000000ca100000, 0x00000000ca100000| Untracked 
|  20|0x00000000ca200000, 0x00000000ca200000, 0x00000000ca300000|  0%| F|  |TAMS 0x00000000ca200000, 0x00000000ca200000| Untracked 
|  21|0x00000000ca300000, 0x00000000ca300000, 0x00000000ca400000|  0%| F|  |TAMS 0x00000000ca300000, 0x00000000ca300000| Untracked 
|  22|0x00000000ca400000, 0x00000000ca400000, 0x00000000ca500000|  0%| F|  |TAMS 0x00000000ca400000, 0x00000000ca400000| Untracked 
|  23|0x00000000ca500000, 0x00000000ca500000, 0x00000000ca600000|  0%| F|  |TAMS 0x00000000ca500000, 0x00000000ca500000| Untracked 
|  24|0x00000000ca600000, 0x00000000ca600000, 0x00000000ca700000|  0%| F|  |TAMS 0x00000000ca600000, 0x00000000ca600000| Untracked 
|  25|0x00000000ca700000, 0x00000000ca700000, 0x00000000ca800000|  0%| F|  |TAMS 0x00000000ca700000, 0x00000000ca700000| Untracked 
|  26|0x00000000ca800000, 0x00000000ca800000, 0x00000000ca900000|  0%| F|  |TAMS 0x00000000ca800000, 0x00000000ca800000| Untracked 
|  27|0x00000000ca900000, 0x00000000ca900000, 0x00000000caa00000|  0%| F|  |TAMS 0x00000000ca900000, 0x00000000ca900000| Untracked 
|  28|0x00000000caa00000, 0x00000000caa00000, 0x00000000cab00000|  0%| F|  |TAMS 0x00000000caa00000, 0x00000000caa00000| Untracked 
|  29|0x00000000cab00000, 0x00000000cab00000, 0x00000000cac00000|  0%| F|  |TAMS 0x00000000cab00000, 0x00000000cab00000| Untracked 
|  30|0x00000000cac00000, 0x00000000cac00000, 0x00000000cad00000|  0%| F|  |TAMS 0x00000000cac00000, 0x00000000cac00000| Untracked 
|  31|0x00000000cad00000, 0x00000000cad00000, 0x00000000cae00000|  0%| F|  |TAMS 0x00000000cad00000, 0x00000000cad00000| Untracked 
|  32|0x00000000cae00000, 0x00000000cae00000, 0x00000000caf00000|  0%| F|  |TAMS 0x00000000cae00000, 0x00000000cae00000| Untracked 
|  33|0x00000000caf00000, 0x00000000caf00000, 0x00000000cb000000|  0%| F|  |TAMS 0x00000000caf00000, 0x00000000caf00000| Untracked 
|  34|0x00000000cb000000, 0x00000000cb000000, 0x00000000cb100000|  0%| F|  |TAMS 0x00000000cb000000, 0x00000000cb000000| Untracked 
|  35|0x00000000cb100000, 0x00000000cb100000, 0x00000000cb200000|  0%| F|  |TAMS 0x00000000cb100000, 0x00000000cb100000| Untracked 
|  36|0x00000000cb200000, 0x00000000cb200000, 0x00000000cb300000|  0%| F|  |TAMS 0x00000000cb200000, 0x00000000cb200000| Untracked 
|  37|0x00000000cb300000, 0x00000000cb300000, 0x00000000cb400000|  0%| F|  |TAMS 0x00000000cb300000, 0x00000000cb300000| Untracked 
|  38|0x00000000cb400000, 0x00000000cb400000, 0x00000000cb500000|  0%| F|  |TAMS 0x00000000cb400000, 0x00000000cb400000| Untracked 
|  39|0x00000000cb500000, 0x00000000cb500000, 0x00000000cb600000|  0%| F|  |TAMS 0x00000000cb500000, 0x00000000cb500000| Untracked 
|  40|0x00000000cb600000, 0x00000000cb600000, 0x00000000cb700000|  0%| F|  |TAMS 0x00000000cb600000, 0x00000000cb600000| Untracked 
|  41|0x00000000cb700000, 0x00000000cb700000, 0x00000000cb800000|  0%| F|  |TAMS 0x00000000cb700000, 0x00000000cb700000| Untracked 
|  42|0x00000000cb800000, 0x00000000cb800000, 0x00000000cb900000|  0%| F|  |TAMS 0x00000000cb800000, 0x00000000cb800000| Untracked 
|  43|0x00000000cb900000, 0x00000000cb900000, 0x00000000cba00000|  0%| F|  |TAMS 0x00000000cb900000, 0x00000000cb900000| Untracked 
|  44|0x00000000cba00000, 0x00000000cba00000, 0x00000000cbb00000|  0%| F|  |TAMS 0x00000000cba00000, 0x00000000cba00000| Untracked 
|  45|0x00000000cbb00000, 0x00000000cbb00000, 0x00000000cbc00000|  0%| F|  |TAMS 0x00000000cbb00000, 0x00000000cbb00000| Untracked 
|  46|0x00000000cbc00000, 0x00000000cbc00000, 0x00000000cbd00000|  0%| F|  |TAMS 0x00000000cbc00000, 0x00000000cbc00000| Untracked 
|  47|0x00000000cbd00000, 0x00000000cbd00000, 0x00000000cbe00000|  0%| F|  |TAMS 0x00000000cbd00000, 0x00000000cbd00000| Untracked 
|  48|0x00000000cbe00000, 0x00000000cbe00000, 0x00000000cbf00000|  0%| F|  |TAMS 0x00000000cbe00000, 0x00000000cbe00000| Untracked 
|  49|0x00000000cbf00000, 0x00000000cbf00000, 0x00000000cc000000|  0%| F|  |TAMS 0x00000000cbf00000, 0x00000000cbf00000| Untracked 
|  50|0x00000000cc000000, 0x00000000cc000000, 0x00000000cc100000|  0%| F|  |TAMS 0x00000000cc000000, 0x00000000cc000000| Untracked 
|  51|0x00000000cc100000, 0x00000000cc100000, 0x00000000cc200000|  0%| F|  |TAMS 0x00000000cc100000, 0x00000000cc100000| Untracked 
|  52|0x00000000cc200000, 0x00000000cc200000, 0x00000000cc300000|  0%| F|  |TAMS 0x00000000cc200000, 0x00000000cc200000| Untracked 
|  53|0x00000000cc300000, 0x00000000cc300000, 0x00000000cc400000|  0%| F|  |TAMS 0x00000000cc300000, 0x00000000cc300000| Untracked 
|  54|0x00000000cc400000, 0x00000000cc400000, 0x00000000cc500000|  0%| F|  |TAMS 0x00000000cc400000, 0x00000000cc400000| Untracked 
|  55|0x00000000cc500000, 0x00000000cc53d838, 0x00000000cc600000| 24%| E|  |TAMS 0x00000000cc500000, 0x00000000cc500000| Complete 

Card table byte_map: [0x000001d0aa7b0000,0x000001d0aa970000] _byte_map_base: 0x000001d0aa169000

Marking Bits (Prev, Next): (CMBitMap*) 0x000001d0aaa602a0, (CMBitMap*) 0x000001d0aaa602e0
 Prev Bits: [0x000001d0c14a0000, 0x000001d0c2268000)
 Next Bits: [0x000001d0c2270000, 0x000001d0c3038000)

Polling page: 0x000001d0a8a00000

Metaspace:

Usage:
  Non-class:      1.81 MB used.
      Class:    150.73 KB used.
       Both:      1.96 MB used.

Virtual space:
  Non-class space:       64.00 MB reserved,       1.81 MB (  3%) committed,  1 nodes.
      Class space:        1.00 GB reserved,     192.00 KB ( <1%) committed,  1 nodes.
             Both:        1.06 GB reserved,       2.00 MB ( <1%) committed. 

Chunk freelists:
   Non-Class:  12.00 MB
       Class:  15.75 MB
        Both:  27.75 MB

MaxMetaspaceSize: unlimited
CompressedClassSpaceSize: 1.00 GB
Initial GC threshold: 21.00 MB
Current GC threshold: 17179869184.00 GB
CDS: off
MetaspaceReclaimPolicy: balanced
 - commit_granule_bytes: 65536.
 - commit_granule_words: 8192.
 - virtual_space_node_default_size: 8388608.
 - enlarge_chunks_in_place: 1.
 - new_chunks_are_fully_committed: 0.
 - uncommit_free_chunks: 1.
 - use_allocation_guard: 0.
 - handle_deallocations: 1.


Internal statistics:

num_allocs_failed_limit: 0.
num_arena_births: 2.
num_arena_deaths: 0.
num_vsnodes_births: 2.
num_vsnodes_deaths: 0.
num_space_committed: 32.
num_space_uncommitted: 0.
num_chunks_returned_to_freelist: 0.
num_chunks_taken_from_freelist: 3.
num_chunk_merges: 0.
num_chunk_splits: 2.
num_chunks_enlarged: 0.
num_inconsistent_stats: 0.

CodeHeap 'non-profiled nmethods': size=120064Kb used=0Kb max_used=0Kb free=120064Kb
 bounds [0x000001d0b9da0000, 0x000001d0ba010000, 0x000001d0c12e0000]
CodeHeap 'profiled nmethods': size=120000Kb used=0Kb max_used=0Kb free=120000Kb
 bounds [0x000001d0b22e0000, 0x000001d0b2550000, 0x000001d0b9810000]
CodeHeap 'non-nmethods': size=5696Kb used=368Kb max_used=368Kb free=5327Kb
 bounds [0x000001d0b9810000, 0x000001d0b9a80000, 0x000001d0b9da0000]
 total_blobs=158 nmethods=0 adapters=131
 compilation: enabled
              stopped_count=0, restarted_count=0
 full_count=0

Compilation events (0 events):
No events

GC Heap History (0 events):
No events

Deoptimization events (0 events):
No events

Classes unloaded (0 events):
No events

Classes redefined (0 events):
No events

Internal exceptions (0 events):
No events

VM Operations (0 events):
No events

Events (20 events):
Event: 0.060 loading class java/lang/ref/Reference$1 done
Event: 0.060 loading class java/lang/ref/Finalizer$FinalizerThread
Event: 0.060 loading class java/lang/ref/Finalizer$FinalizerThread done
Event: 0.060 Thread 0x000001d0c5403a90 Thread added: 0x000001d0c5403a90
Event: 0.060 loading class java/lang/System$2
Event: 0.061 loading class jdk/internal/access/JavaLangAccess
Event: 0.061 loading class jdk/internal/misc/VM
Event: 0.061 loading class jdk/internal/access/JavaLangAccess done
Event: 0.061 loading class jdk/internal/misc/VM done
Event: 0.061 loading class java/lang/System$2 done
Event: 0.061 loading class jdk/internal/util/SystemProps
Event: 0.061 loading class jdk/internal/util/SystemProps done
Event: 0.061 loading class jdk/internal/util/SystemProps$Raw
Event: 0.061 loading class jdk/internal/util/SystemProps$Raw done
Event: 0.073 loading class java/lang/StringConcatHelper
Event: 0.073 loading class java/lang/StringConcatHelper done
Event: 0.074 loading class java/lang/VersionProps
Event: 0.074 loading class java/lang/VersionProps done
Event: 0.074 loading class java/util/Arrays
Event: 0.074 loading class java/util/Arrays done


Dynamic libraries:
0x00007ff6e6c70000 - 0x00007ff6e6c80000 	C:\Program Files\Java\jdk-17\bin\java.exe
0x00007ffba0730000 - 0x00007ffba0947000 	C:\WINDOWS\SYSTEM32\ntdll.dll
0x00007ffb75bb0000 - 0x00007ffb75bca000 	C:\Program Files\Avast Software\Avast\aswhook.dll
0x00007ffb9fb00000 - 0x00007ffb9fbc4000 	C:\WINDOWS\System32\KERNEL32.DLL
0x00007ffb9dc10000 - 0x00007ffb9dfbd000 	C:\WINDOWS\System32\KERNELBASE.dll
0x00007ffb9da80000 - 0x00007ffb9db91000 	C:\WINDOWS\System32\ucrtbase.dll
0x00007ffb88270000 - 0x00007ffb88289000 	C:\Program Files\Java\jdk-17\bin\jli.dll
0x00007ffba0010000 - 0x00007ffba00c2000 	C:\WINDOWS\System32\ADVAPI32.dll
0x00007ffb9a5e0000 - 0x00007ffb9a5fb000 	C:\Program Files\Java\jdk-17\bin\VCRUNTIME140.dll
0x00007ffb9eb10000 - 0x00007ffb9ebb7000 	C:\WINDOWS\System32\msvcrt.dll
0x00007ffb9edc0000 - 0x00007ffb9ee69000 	C:\WINDOWS\System32\sechost.dll
0x00007ffb9da50000 - 0x00007ffb9da78000 	C:\WINDOWS\System32\bcrypt.dll
0x00007ffb9fc50000 - 0x00007ffb9fd64000 	C:\WINDOWS\System32\RPCRT4.dll
0x00007ffb9ebc0000 - 0x00007ffb9ed6e000 	C:\WINDOWS\System32\USER32.dll
0x00007ffb9e060000 - 0x00007ffb9e086000 	C:\WINDOWS\System32\win32u.dll
0x00007ffb9fd70000 - 0x00007ffb9fd99000 	C:\WINDOWS\System32\GDI32.dll
0x00007ffb9e2c0000 - 0x00007ffb9e3d9000 	C:\WINDOWS\System32\gdi32full.dll
0x00007ffb9dfc0000 - 0x00007ffb9e05a000 	C:\WINDOWS\System32\msvcp_win.dll
0x00007ffb7fa60000 - 0x00007ffb7fcf3000 	C:\WINDOWS\WinSxS\amd64_microsoft.windows.common-controls_6595b64144ccf1df_6.0.22621.3672_none_2713b9d173822955\COMCTL32.dll
0x00007ffb95440000 - 0x00007ffb9544a000 	C:\WINDOWS\SYSTEM32\VERSION.dll
0x00007ffba0230000 - 0x00007ffba0261000 	C:\WINDOWS\System32\IMM32.DLL
0x00007ffb8a760000 - 0x00007ffb8a76c000 	C:\Program Files\Java\jdk-17\bin\vcruntime140_1.dll
0x00007ffb60560000 - 0x00007ffb605ee000 	C:\Program Files\Java\jdk-17\bin\msvcp140.dll
0x00007ffaf6200000 - 0x00007ffaf6de0000 	C:\Program Files\Java\jdk-17\bin\server\jvm.dll
0x00007ffb9eb00000 - 0x00007ffb9eb08000 	C:\WINDOWS\System32\PSAPI.DLL
0x00007ffb8e780000 - 0x00007ffb8e789000 	C:\WINDOWS\SYSTEM32\WSOCK32.dll
0x00007ffb97e70000 - 0x00007ffb97ea4000 	C:\WINDOWS\SYSTEM32\WINMM.dll
0x00007ffb9e460000 - 0x00007ffb9e4d1000 	C:\WINDOWS\System32\WS2_32.dll
0x00007ffb9ca70000 - 0x00007ffb9ca88000 	C:\WINDOWS\SYSTEM32\kernel.appcore.dll
0x00007ffb88010000 - 0x00007ffb8801a000 	C:\Program Files\Java\jdk-17\bin\jimage.dll
0x00007ffb927f0000 - 0x00007ffb92a22000 	C:\WINDOWS\SYSTEM32\DBGHELP.DLL
0x00007ffb9e4e0000 - 0x00007ffb9e86e000 	C:\WINDOWS\System32\combase.dll
0x00007ffb9f0d0000 - 0x00007ffb9f1a7000 	C:\WINDOWS\System32\OLEAUT32.dll
0x00007ffb927b0000 - 0x00007ffb927e2000 	C:\WINDOWS\SYSTEM32\dbgcore.DLL
0x00007ffb9e3e0000 - 0x00007ffb9e45b000 	C:\WINDOWS\System32\bcryptPrimitives.dll
0x00007ffb85ee0000 - 0x00007ffb85f05000 	C:\Program Files\Java\jdk-17\bin\java.dll
0x00007ffb2f0f0000 - 0x00007ffb2f1c7000 	C:\Program Files\Java\jdk-17\bin\jsvml.dll
0x00007ffb9f210000 - 0x00007ffb9fa77000 	C:\WINDOWS\System32\SHELL32.dll
0x00007ffb9b980000 - 0x00007ffb9c27f000 	C:\WINDOWS\SYSTEM32\windows.storage.dll
0x00007ffb9b840000 - 0x00007ffb9b97f000 	C:\WINDOWS\SYSTEM32\wintypes.dll
0x00007ffb9ff10000 - 0x00007ffba0009000 	C:\WINDOWS\System32\SHCORE.dll
0x00007ffb9f1b0000 - 0x00007ffb9f20e000 	C:\WINDOWS\System32\shlwapi.dll
0x00007ffb9d980000 - 0x00007ffb9d9a7000 	C:\WINDOWS\SYSTEM32\profapi.dll

dbghelp: loaded successfully - version: 4.0.5 - missing functions: none
symbol engine: initialized successfully - sym options: 0x614 - pdb path: .;C:\Program Files\Java\jdk-17\bin;C:\WINDOWS\SYSTEM32;C:\Program Files\Avast Software\Avast;C:\WINDOWS\WinSxS\amd64_microsoft.windows.common-controls_6595b64144ccf1df_6.0.22621.3672_none_2713b9d173822955;C:\Program Files\Java\jdk-17\bin\server

VM Arguments:
jvm_args: -Dfile.encoding=UTF-8 --module-path=D:\Project_java\Minggu_3\baru\build\classes 
java_command: baru.tugasDelapan
java_class_path (initial): D:\Project_java\Minggu_3\baru\build\classes
Launcher Type: SUN_STANDARD

[Global flags]
     intx CICompilerCount                          = 2                                         {product} {ergonomic}
     uint ConcGCThreads                            = 1                                         {product} {ergonomic}
     uint G1ConcRefinementThreads                  = 2                                         {product} {ergonomic}
   size_t G1HeapRegionSize                         = 1048576                                   {product} {ergonomic}
    uintx GCDrainStackTargetSize                   = 64                                        {product} {ergonomic}
   size_t InitialHeapSize                          = 58720256                                  {product} {ergonomic}
   size_t MarkStackSize                            = 4194304                                   {product} {ergonomic}
   size_t MaxHeapSize                              = 924844032                                 {product} {ergonomic}
   size_t MaxNewSize                               = 554696704                                 {product} {ergonomic}
   size_t MinHeapDeltaBytes                        = 1048576                                   {product} {ergonomic}
   size_t MinHeapSize                              = 8388608                                   {product} {ergonomic}
    uintx NonNMethodCodeHeapSize                   = 5826188                                {pd product} {ergonomic}
    uintx NonProfiledCodeHeapSize                  = 122916026                              {pd product} {ergonomic}
    uintx ProfiledCodeHeapSize                     = 122916026                              {pd product} {ergonomic}
    uintx ReservedCodeCacheSize                    = 251658240                              {pd product} {ergonomic}
     bool SegmentedCodeCache                       = true                                      {product} {ergonomic}
   size_t SoftMaxHeapSize                          = 924844032                              {manageable} {ergonomic}
     bool UseCompressedClassPointers               = true                           {product lp64_product} {ergonomic}
     bool UseCompressedOops                        = true                           {product lp64_product} {ergonomic}
     bool UseG1GC                                  = true                                      {product} {ergonomic}
     bool UseLargePagesIndividualAllocation        = false                                  {pd product} {ergonomic}

Logging:
Log output configuration:
 #0: stdout all=warning uptime,level,tags
 #1: stderr all=off uptime,level,tags

Environment Variables:
JAVA_HOME=C:\Program Files\Java\jdk1.8.0_144
PATH=C:\Program Files\Common Files\Oracle\Java\javapath;C:\Program Files\Microsoft\jdk-21.0.0.35-hotspot\bin;C:\Program Files\Eclipse Adoptium\jdk-17.0.8.101-hotspot\bin;C:\Program Files (x86)\Common Files\Intel\Shared Files\cpp\bin\Intel64;C:\Python27\;C:\Python27\Scripts;C:\WINDOWS\system32;C:\WINDOWS;C:\WINDOWS\System32\Wbem;C:\WINDOWS\System32\WindowsPowerShell\v1.0\;C:\WINDOWS\System32\OpenSSH\;C:\Program Files\dotnet\;D:\master\cocos 2dx\cocos2d-x-3.17.1\templates;D:\master\cocos 2dx\cocos2d-x-3.17.1\tools\cocos2d-console\bin;C:\Program Files\Git\cmd;C:\Program Files\nodejs\;C:\xampp\php;C:\composer;C:\Program Files\Go\bin;D:\master\cocos 2dx\cocos2d-x-4.0\templates;D:\master\cocos 2dx\cocos2d-x-4.0\tools\cocos2d-console\bin;\cocos2d-x-3.17.1\templates;C:\Users\acer\AppData\Local\Microsoft\WindowsApps;C:\Users\acer\AppData\Local\Programs\Microsoft VS Code\bin;C:\Users\acer\AppData\Roaming\npm;C:\Users\acer\AppData\Roaming\Composer\vendor\bin;C:\Users\acer\go\bin
USERNAME=acer
OS=Windows_NT
PROCESSOR_IDENTIFIER=AMD64 Family 23 Model 24 Stepping 1, AuthenticAMD



---------------  S Y S T E M  ---------------

OS:
 Windows 11 , 64 bit Build 22621 (10.0.22621.3958)
OS uptime: 0 days 15:00 hours
Hyper-V role detected

CPU: total 2 (initial active 2) (2 cores per cpu, 1 threads per core) family 23 model 24 stepping 1 microcode 0x0, cx8, cmov, fxsr, mmx, 3dnowpref, sse, sse2, sse3, ssse3, sse4a, sse4.1, sse4.2, popcnt, lzcnt, tsc, tscinvbit, avx, avx2, aes, clmul, bmi1, bmi2, adx, sha, fma, vzeroupper, clflush, clflushopt, hv

Memory: 4k page, system-wide physical 3521M (258M free)
TotalPageFile size 10419M (AvailPageFile size 3M)
current process WorkingSet (physical memory assigned to process): 20M, peak: 20M
current process commit charge ("private bytes"): 110M, peak: 110M

vm_info: Java HotSpot(TM) 64-Bit Server VM (17.0.12+8-LTS-286) for windows-amd64 JRE (17.0.12+8-LTS-286), built on Jun  5 2024 06:46:59 by "mach5one" with MS VC++ 17.6 (VS2022)

END.
